<?xml version="1.0" encoding="UTF-8"?>
<!-- Generated by org.testng.reporters.JUnitReportReporter -->
<testsuite skipped="0" hostname="Rohit_Rathor" name="qaclickacademy.SeleniumTest" tests="2" failures="0" timestamp="06 Apr 2022 17:32:21 GMT" time="0.005" errors="0">
  <testcase name="BrowserAUtomation" time="0.005" classname="qaclickacademy.SeleniumTest"/>
  <testcase name="elementsUi" time="0.000" classname="qaclickacademy.SeleniumTest"/>
</testsuite> <!-- qaclickacademy.SeleniumTest -->
